<?xml version="1.0" encoding="UTF-8"?>
<robot generator="Robot 4.1 (Python 3.8.1 on win32)" generated="20210804 16:32:04.306" rpa="false" schemaversion="2">
<suite id="s1" name="TestSitePracticeBDD" source="C:\Users\bnalves\Documents\SuiteSiteTestePractice\tests\TestSitePracticeBDD.robot">
<test id="s1-t1" name="Cenário 01: Pesquisar produto existente">
<kw name="Abrir navegador" library="Resource" type="SETUP">
<kw name="Open Browser" library="SeleniumLibrary">
<arg>about:blank</arg>
<arg>${BROWSER}</arg>
<doc>Opens a new browser instance to the optional ``url``.</doc>
<msg timestamp="20210804 16:32:04.567" level="INFO">Opening browser 'headlessfirefox' to base url 'about:blank'.</msg>
<msg timestamp="20210804 16:32:04.568" level="INFO">Firefox driver log is always forced to to: C:\Users\bnalves\Documents\SuiteSiteTestePractice\report\geckodriver-1.log</msg>
<status status="PASS" starttime="20210804 16:32:04.566" endtime="20210804 16:32:14.750"/>
</kw>
<status status="PASS" starttime="20210804 16:32:04.566" endtime="20210804 16:32:14.750"/>
</kw>
<kw name="Dado que estou na página home do site">
<kw name="Acessar a página home do site" library="Resource">
<kw name="Go To" library="SeleniumLibrary">
<arg>${URL}</arg>
<doc>Navigates the current browser window to the provided ``url``.</doc>
<msg timestamp="20210804 16:32:14.751" level="INFO">Opening url 'http://automationpractice.com'</msg>
<status status="PASS" starttime="20210804 16:32:14.751" endtime="20210804 16:32:20.092"/>
</kw>
<kw name="Title Should Be" library="SeleniumLibrary">
<arg>My Store</arg>
<doc>Verifies that the current page title equals ``title``.</doc>
<msg timestamp="20210804 16:32:20.111" level="INFO">Page title is 'My Store'.</msg>
<status status="PASS" starttime="20210804 16:32:20.092" endtime="20210804 16:32:20.111"/>
</kw>
<status status="PASS" starttime="20210804 16:32:14.750" endtime="20210804 16:32:20.111"/>
</kw>
<status status="PASS" starttime="20210804 16:32:14.750" endtime="20210804 16:32:20.111"/>
</kw>
<kw name="Quando eu pesquisar pelo produto &quot;Blouse&quot;" sourcename="Quando eu pesquisar pelo produto &quot;${PRODUTO}&quot;">
<kw name="Digitar o nome do produto &quot;${PRODUTO}&quot; no campo de pesquisa" library="Resource" sourcename="Digitar o nome do produto &quot;${PRODUTO}&quot; no campo de pesquisa">
<kw name="Input Text" library="SeleniumLibrary">
<arg>name=search_query</arg>
<arg>${PRODUTO}</arg>
<doc>Types the given ``text`` into the text field identified by ``locator``.</doc>
<msg timestamp="20210804 16:32:20.114" level="INFO">Typing text 'Blouse' into text field 'name=search_query'.</msg>
<status status="PASS" starttime="20210804 16:32:20.113" endtime="20210804 16:32:20.227"/>
</kw>
<status status="PASS" starttime="20210804 16:32:20.112" endtime="20210804 16:32:20.228"/>
</kw>
<kw name="Clicar no botão pesquisar" library="Resource">
<kw name="Click Element" library="SeleniumLibrary">
<arg>name=submit_search</arg>
<doc>Click the element identified by ``locator``.</doc>
<msg timestamp="20210804 16:32:20.229" level="INFO">Clicking element 'name=submit_search'.</msg>
<status status="PASS" starttime="20210804 16:32:20.229" endtime="20210804 16:32:21.449"/>
</kw>
<status status="PASS" starttime="20210804 16:32:20.228" endtime="20210804 16:32:21.449"/>
</kw>
<status status="PASS" starttime="20210804 16:32:20.112" endtime="20210804 16:32:21.449"/>
</kw>
<kw name="Então o produto &quot;Blouse&quot; deve ser listado na página de resultado da busca" sourcename="Então o produto &quot;${PRODUTO}&quot; deve ser listado na página de resultado da busca">
<kw name="Conferir se o produto &quot;${PRODUTO}&quot; foi listado no site" library="Resource" sourcename="Conferir se o produto &quot;${PRODUTO}&quot; foi listado no site">
<kw name="Wait Until Element Is Visible" library="SeleniumLibrary">
<arg>css=#center_column &gt; h1</arg>
<doc>Waits until the element ``locator`` is visible.</doc>
<status status="PASS" starttime="20210804 16:32:21.450" endtime="20210804 16:32:21.479"/>
</kw>
<kw name="Title Should Be" library="SeleniumLibrary">
<arg>Search - My Store</arg>
<doc>Verifies that the current page title equals ``title``.</doc>
<msg timestamp="20210804 16:32:21.483" level="INFO">Page title is 'Search - My Store'.</msg>
<status status="PASS" starttime="20210804 16:32:21.480" endtime="20210804 16:32:21.483"/>
</kw>
<kw name="Page Should Contain Image" library="SeleniumLibrary">
<arg>xpath=//*[@id="center_column"]//*[@src='${URL}/img/p/7/7-home_default.jpg']</arg>
<doc>Verifies image identified by ``locator`` is found from current page.</doc>
<msg timestamp="20210804 16:32:21.493" level="INFO">Current page contains image 'xpath=//*[@id="center_column"]//*[@src='http://automationpractice.com/img/p/7/7-home_default.jpg']'.</msg>
<status status="PASS" starttime="20210804 16:32:21.484" endtime="20210804 16:32:21.493"/>
</kw>
<kw name="Page Should Contain Link" library="SeleniumLibrary">
<arg>xpath=//*[@id="center_column"]//a[@class="product-name"][contains(text(),"${PRODUTO}")]</arg>
<doc>Verifies link identified by ``locator`` is found from current page.</doc>
<msg timestamp="20210804 16:32:21.503" level="INFO">Current page contains link 'xpath=//*[@id="center_column"]//a[@class="product-name"][contains(text(),"Blouse")]'.</msg>
<status status="PASS" starttime="20210804 16:32:21.493" endtime="20210804 16:32:21.503"/>
</kw>
<status status="PASS" starttime="20210804 16:32:21.450" endtime="20210804 16:32:21.504"/>
</kw>
<status status="PASS" starttime="20210804 16:32:21.449" endtime="20210804 16:32:21.504"/>
</kw>
<kw name="Fechar navegador" library="Resource" type="TEARDOWN">
<kw name="Close Browser" library="SeleniumLibrary">
<doc>Closes the current browser.</doc>
<status status="PASS" starttime="20210804 16:32:21.504" endtime="20210804 16:32:23.024"/>
</kw>
<status status="PASS" starttime="20210804 16:32:21.504" endtime="20210804 16:32:23.024"/>
</kw>
<status status="PASS" starttime="20210804 16:32:04.565" endtime="20210804 16:32:23.024"/>
</test>
<test id="s1-t2" name="Cenário 02: Pesquisar produto não existente">
<kw name="Abrir navegador" library="Resource" type="SETUP">
<kw name="Open Browser" library="SeleniumLibrary">
<arg>about:blank</arg>
<arg>${BROWSER}</arg>
<doc>Opens a new browser instance to the optional ``url``.</doc>
<msg timestamp="20210804 16:32:23.026" level="INFO">Opening browser 'headlessfirefox' to base url 'about:blank'.</msg>
<msg timestamp="20210804 16:32:23.026" level="INFO">Firefox driver log is always forced to to: C:\Users\bnalves\Documents\SuiteSiteTestePractice\report\geckodriver-2.log</msg>
<status status="PASS" starttime="20210804 16:32:23.025" endtime="20210804 16:32:31.031"/>
</kw>
<status status="PASS" starttime="20210804 16:32:23.025" endtime="20210804 16:32:31.031"/>
</kw>
<kw name="Dado que estou na página home do site">
<kw name="Acessar a página home do site" library="Resource">
<kw name="Go To" library="SeleniumLibrary">
<arg>${URL}</arg>
<doc>Navigates the current browser window to the provided ``url``.</doc>
<msg timestamp="20210804 16:32:31.032" level="INFO">Opening url 'http://automationpractice.com'</msg>
<status status="PASS" starttime="20210804 16:32:31.032" endtime="20210804 16:32:35.621"/>
</kw>
<kw name="Title Should Be" library="SeleniumLibrary">
<arg>My Store</arg>
<doc>Verifies that the current page title equals ``title``.</doc>
<msg timestamp="20210804 16:32:35.627" level="INFO">Page title is 'My Store'.</msg>
<status status="PASS" starttime="20210804 16:32:35.622" endtime="20210804 16:32:35.627"/>
</kw>
<status status="PASS" starttime="20210804 16:32:31.031" endtime="20210804 16:32:35.627"/>
</kw>
<status status="PASS" starttime="20210804 16:32:31.031" endtime="20210804 16:32:35.627"/>
</kw>
<kw name="Quando eu pesquisar pelo produto &quot;itemNãoExistente&quot;" sourcename="Quando eu pesquisar pelo produto &quot;${PRODUTO}&quot;">
<kw name="Digitar o nome do produto &quot;${PRODUTO}&quot; no campo de pesquisa" library="Resource" sourcename="Digitar o nome do produto &quot;${PRODUTO}&quot; no campo de pesquisa">
<kw name="Input Text" library="SeleniumLibrary">
<arg>name=search_query</arg>
<arg>${PRODUTO}</arg>
<doc>Types the given ``text`` into the text field identified by ``locator``.</doc>
<msg timestamp="20210804 16:32:35.629" level="INFO">Typing text 'itemNãoExistente' into text field 'name=search_query'.</msg>
<status status="PASS" starttime="20210804 16:32:35.628" endtime="20210804 16:32:35.685"/>
</kw>
<status status="PASS" starttime="20210804 16:32:35.628" endtime="20210804 16:32:35.685"/>
</kw>
<kw name="Clicar no botão pesquisar" library="Resource">
<kw name="Click Element" library="SeleniumLibrary">
<arg>name=submit_search</arg>
<doc>Click the element identified by ``locator``.</doc>
<msg timestamp="20210804 16:32:35.686" level="INFO">Clicking element 'name=submit_search'.</msg>
<status status="PASS" starttime="20210804 16:32:35.685" endtime="20210804 16:32:37.014"/>
</kw>
<status status="PASS" starttime="20210804 16:32:35.685" endtime="20210804 16:32:37.014"/>
</kw>
<status status="PASS" starttime="20210804 16:32:35.627" endtime="20210804 16:32:37.014"/>
</kw>
<kw name="Então a página deve exibir a mensagem &quot;No results were found for your search &quot;itemNãoExistente&quot;&quot;" sourcename="Então a página deve exibir a mensagem &quot;${MENSAGEM_ALERTA}&quot;">
<kw name="Conferir mensagem de erro &quot;${MENSAGEM_ALERTA}&quot;" library="Resource" sourcename="Conferir mensagem de erro &quot;${MENSAGEM_ALERTA}&quot;">
<kw name="Wait Until Element Is Visible" library="SeleniumLibrary">
<arg>xpath=//*[@id="center_column"]/p[@class='alert alert-warning']</arg>
<doc>Waits until the element ``locator`` is visible.</doc>
<status status="PASS" starttime="20210804 16:32:37.016" endtime="20210804 16:32:37.058"/>
</kw>
<kw name="Element Text Should Be" library="SeleniumLibrary">
<arg>xpath=//*[@id="center_column"]/p[@class='alert alert-warning']</arg>
<arg>${MENSAGEM_ALERTA}</arg>
<doc>Verifies that element ``locator`` contains exact the text ``expected``.</doc>
<msg timestamp="20210804 16:32:37.059" level="INFO">Verifying element 'xpath=//*[@id="center_column"]/p[@class='alert alert-warning']' contains exact text 'No results were found for your search "itemNãoExistente"'.</msg>
<status status="PASS" starttime="20210804 16:32:37.058" endtime="20210804 16:32:37.086"/>
</kw>
<status status="PASS" starttime="20210804 16:32:37.016" endtime="20210804 16:32:37.086"/>
</kw>
<status status="PASS" starttime="20210804 16:32:37.015" endtime="20210804 16:32:37.086"/>
</kw>
<kw name="Fechar navegador" library="Resource" type="TEARDOWN">
<kw name="Close Browser" library="SeleniumLibrary">
<doc>Closes the current browser.</doc>
<status status="PASS" starttime="20210804 16:32:37.087" endtime="20210804 16:32:38.950"/>
</kw>
<status status="PASS" starttime="20210804 16:32:37.086" endtime="20210804 16:32:38.950"/>
</kw>
<status status="PASS" starttime="20210804 16:32:23.025" endtime="20210804 16:32:38.950"/>
</test>
<status status="PASS" starttime="20210804 16:32:04.309" endtime="20210804 16:32:38.951"/>
</suite>
<statistics>
<total>
<stat pass="2" fail="0" skip="0">All Tests</stat>
</total>
<tag>
</tag>
<suite>
<stat pass="2" fail="0" skip="0" id="s1" name="TestSitePracticeBDD">TestSitePracticeBDD</stat>
</suite>
</statistics>
<errors>
</errors>
</robot>
