<?xml version="1.0" encoding="UTF-8"?>
<robot generator="Robot 4.1 (Python 3.8.1 on win32)" generated="20210803 14:28:32.441" rpa="false" schemaversion="2">
<suite id="s1" name="TestSitePracticeBDD" source="C:\Users\bnalves\Documents\SuiteSiteTestePractice\tests\TestSitePracticeBDD.robot">
<test id="s1-t1" name="Cenário 01: Pesquisar produto existente">
<kw name="Abrir navegador" library="Resource" type="SETUP">
<kw name="Open Browser" library="SeleniumLibrary">
<arg>about:blank</arg>
<arg>${BROWSER}</arg>
<doc>Opens a new browser instance to the optional ``url``.</doc>
<msg timestamp="20210803 14:28:34.693" level="INFO">Opening browser 'chrome' to base url 'about:blank'.</msg>
<status status="PASS" starttime="20210803 14:28:34.693" endtime="20210803 14:28:37.197"/>
</kw>
<status status="PASS" starttime="20210803 14:28:34.693" endtime="20210803 14:28:37.198"/>
</kw>
<kw name="Dado que estou na página home do site">
<kw name="Acessar a página home do site" library="Resource">
<kw name="Go To" library="SeleniumLibrary">
<arg>${URL}</arg>
<doc>Navigates the current browser window to the provided ``url``.</doc>
<msg timestamp="20210803 14:28:37.201" level="INFO">Opening url 'http://automationpractice.com'</msg>
<status status="PASS" starttime="20210803 14:28:37.201" endtime="20210803 14:28:52.384"/>
</kw>
<kw name="Title Should Be" library="SeleniumLibrary">
<arg>My Store</arg>
<doc>Verifies that the current page title equals ``title``.</doc>
<msg timestamp="20210803 14:28:52.397" level="INFO">Page title is 'My Store'.</msg>
<status status="PASS" starttime="20210803 14:28:52.384" endtime="20210803 14:28:52.397"/>
</kw>
<status status="PASS" starttime="20210803 14:28:37.201" endtime="20210803 14:28:52.397"/>
</kw>
<status status="PASS" starttime="20210803 14:28:37.200" endtime="20210803 14:28:52.398"/>
</kw>
<kw name="Quando eu pesquisar pelo produto &quot;Blouse&quot;" sourcename="Quando eu pesquisar pelo produto &quot;${PRODUTO}&quot;">
<kw name="Digitar o nome do produto &quot;${PRODUTO}&quot; no campo de pesquisa" library="Resource" sourcename="Digitar o nome do produto &quot;${PRODUTO}&quot; no campo de pesquisa">
<kw name="Input Text" library="SeleniumLibrary">
<arg>name=search_query</arg>
<arg>${PRODUTO}</arg>
<doc>Types the given ``text`` into the text field identified by ``locator``.</doc>
<msg timestamp="20210803 14:28:52.399" level="INFO">Typing text 'Blouse' into text field 'name=search_query'.</msg>
<status status="PASS" starttime="20210803 14:28:52.399" endtime="20210803 14:28:52.518"/>
</kw>
<status status="PASS" starttime="20210803 14:28:52.399" endtime="20210803 14:28:52.518"/>
</kw>
<kw name="Clicar no botão pesquisar" library="Resource">
<kw name="Click Element" library="SeleniumLibrary">
<arg>name=submit_search</arg>
<doc>Click the element identified by ``locator``.</doc>
<msg timestamp="20210803 14:28:52.520" level="INFO">Clicking element 'name=submit_search'.</msg>
<status status="PASS" starttime="20210803 14:28:52.519" endtime="20210803 14:28:54.065"/>
</kw>
<status status="PASS" starttime="20210803 14:28:52.519" endtime="20210803 14:28:54.065"/>
</kw>
<status status="PASS" starttime="20210803 14:28:52.398" endtime="20210803 14:28:54.065"/>
</kw>
<kw name="Então o produto &quot;Blouse&quot; deve ser listado na página de resultado da busca" sourcename="Então o produto &quot;${PRODUTO}&quot; deve ser listado na página de resultado da busca">
<kw name="Conferir se o produto &quot;${PRODUTO}&quot; foi listado no site" library="Resource" sourcename="Conferir se o produto &quot;${PRODUTO}&quot; foi listado no site">
<kw name="Wait Until Element Is Visible" library="SeleniumLibrary">
<arg>css=#center_column &gt; h1</arg>
<doc>Waits until the element ``locator`` is visible.</doc>
<status status="PASS" starttime="20210803 14:28:54.067" endtime="20210803 14:28:54.096"/>
</kw>
<kw name="Title Should Be" library="SeleniumLibrary">
<arg>Search - My Store</arg>
<doc>Verifies that the current page title equals ``title``.</doc>
<msg timestamp="20210803 14:28:54.102" level="INFO">Page title is 'Search - My Store'.</msg>
<status status="PASS" starttime="20210803 14:28:54.096" endtime="20210803 14:28:54.102"/>
</kw>
<kw name="Page Should Contain Image" library="SeleniumLibrary">
<arg>xpath=//*[@id="center_column"]//*[@src='${URL}/img/p/7/7-home_default.jpg']</arg>
<doc>Verifies image identified by ``locator`` is found from current page.</doc>
<msg timestamp="20210803 14:28:54.126" level="INFO">Current page contains image 'xpath=//*[@id="center_column"]//*[@src='http://automationpractice.com/img/p/7/7-home_default.jpg']'.</msg>
<status status="PASS" starttime="20210803 14:28:54.102" endtime="20210803 14:28:54.126"/>
</kw>
<kw name="Page Should Contain Link" library="SeleniumLibrary">
<arg>xpath=//*[@id="center_column"]//a[@class="product-name"][contains(text(),"${PRODUTO}")]</arg>
<doc>Verifies link identified by ``locator`` is found from current page.</doc>
<msg timestamp="20210803 14:28:54.141" level="INFO">Current page contains link 'xpath=//*[@id="center_column"]//a[@class="product-name"][contains(text(),"Blouse")]'.</msg>
<status status="PASS" starttime="20210803 14:28:54.126" endtime="20210803 14:28:54.141"/>
</kw>
<status status="PASS" starttime="20210803 14:28:54.066" endtime="20210803 14:28:54.142"/>
</kw>
<status status="PASS" starttime="20210803 14:28:54.066" endtime="20210803 14:28:54.142"/>
</kw>
<kw name="Fechar navegador" library="Resource" type="TEARDOWN">
<kw name="Close Browser" library="SeleniumLibrary">
<doc>Closes the current browser.</doc>
<status status="PASS" starttime="20210803 14:28:54.143" endtime="20210803 14:28:56.383"/>
</kw>
<status status="PASS" starttime="20210803 14:28:54.143" endtime="20210803 14:28:56.383"/>
</kw>
<status status="PASS" starttime="20210803 14:28:34.692" endtime="20210803 14:28:56.383"/>
</test>
<test id="s1-t2" name="Cenário 02: Pesquisar produto não existente">
<kw name="Abrir navegador" library="Resource" type="SETUP">
<kw name="Open Browser" library="SeleniumLibrary">
<arg>about:blank</arg>
<arg>${BROWSER}</arg>
<doc>Opens a new browser instance to the optional ``url``.</doc>
<msg timestamp="20210803 14:28:56.386" level="INFO">Opening browser 'chrome' to base url 'about:blank'.</msg>
<status status="PASS" starttime="20210803 14:28:56.386" endtime="20210803 14:28:58.262"/>
</kw>
<status status="PASS" starttime="20210803 14:28:56.386" endtime="20210803 14:28:58.262"/>
</kw>
<kw name="Dado que estou na página home do site">
<kw name="Acessar a página home do site" library="Resource">
<kw name="Go To" library="SeleniumLibrary">
<arg>${URL}</arg>
<doc>Navigates the current browser window to the provided ``url``.</doc>
<msg timestamp="20210803 14:28:58.263" level="INFO">Opening url 'http://automationpractice.com'</msg>
<status status="PASS" starttime="20210803 14:28:58.263" endtime="20210803 14:29:10.383"/>
</kw>
<kw name="Title Should Be" library="SeleniumLibrary">
<arg>My Store</arg>
<doc>Verifies that the current page title equals ``title``.</doc>
<msg timestamp="20210803 14:29:10.394" level="INFO">Page title is 'My Store'.</msg>
<status status="PASS" starttime="20210803 14:29:10.383" endtime="20210803 14:29:10.394"/>
</kw>
<status status="PASS" starttime="20210803 14:28:58.262" endtime="20210803 14:29:10.394"/>
</kw>
<status status="PASS" starttime="20210803 14:28:58.262" endtime="20210803 14:29:10.395"/>
</kw>
<kw name="Quando eu pesquisar pelo produto &quot;itemNãoExistente&quot;" sourcename="Quando eu pesquisar pelo produto &quot;${PRODUTO}&quot;">
<kw name="Digitar o nome do produto &quot;${PRODUTO}&quot; no campo de pesquisa" library="Resource" sourcename="Digitar o nome do produto &quot;${PRODUTO}&quot; no campo de pesquisa">
<kw name="Input Text" library="SeleniumLibrary">
<arg>name=search_query</arg>
<arg>${PRODUTO}</arg>
<doc>Types the given ``text`` into the text field identified by ``locator``.</doc>
<msg timestamp="20210803 14:29:10.397" level="INFO">Typing text 'itemNãoExistente' into text field 'name=search_query'.</msg>
<status status="PASS" starttime="20210803 14:29:10.396" endtime="20210803 14:29:10.561"/>
</kw>
<status status="PASS" starttime="20210803 14:29:10.396" endtime="20210803 14:29:10.561"/>
</kw>
<kw name="Clicar no botão pesquisar" library="Resource">
<kw name="Click Element" library="SeleniumLibrary">
<arg>name=submit_search</arg>
<doc>Click the element identified by ``locator``.</doc>
<msg timestamp="20210803 14:29:10.562" level="INFO">Clicking element 'name=submit_search'.</msg>
<status status="PASS" starttime="20210803 14:29:10.562" endtime="20210803 14:29:10.628"/>
</kw>
<status status="PASS" starttime="20210803 14:29:10.561" endtime="20210803 14:29:10.628"/>
</kw>
<status status="PASS" starttime="20210803 14:29:10.395" endtime="20210803 14:29:10.629"/>
</kw>
<kw name="Então a página deve exibir a mensagem &quot;No results were found for your search &quot;itemNãoExistente&quot;&quot;" sourcename="Então a página deve exibir a mensagem &quot;${MENSAGEM_ALERTA}&quot;">
<kw name="Conferir mensagem de erro &quot;${MENSAGEM_ALERTA}&quot;" library="Resource" sourcename="Conferir mensagem de erro &quot;${MENSAGEM_ALERTA}&quot;">
<kw name="Wait Until Element Is Visible" library="SeleniumLibrary">
<arg>xpath=//*[@id="center_column"]/p[@class='alert alert-warning']</arg>
<doc>Waits until the element ``locator`` is visible.</doc>
<status status="PASS" starttime="20210803 14:29:10.633" endtime="20210803 14:29:12.154"/>
</kw>
<kw name="Element Text Should Be" library="SeleniumLibrary">
<arg>xpath=//*[@id="center_column"]/p[@class='alert alert-warning']</arg>
<arg>${MENSAGEM_ALERTA}</arg>
<doc>Verifies that element ``locator`` contains exact the text ``expected``.</doc>
<msg timestamp="20210803 14:29:12.155" level="INFO">Verifying element 'xpath=//*[@id="center_column"]/p[@class='alert alert-warning']' contains exact text 'No results were found for your search "itemNãoExistente"'.</msg>
<status status="PASS" starttime="20210803 14:29:12.155" endtime="20210803 14:29:12.177"/>
</kw>
<status status="PASS" starttime="20210803 14:29:10.632" endtime="20210803 14:29:12.177"/>
</kw>
<status status="PASS" starttime="20210803 14:29:10.631" endtime="20210803 14:29:12.178"/>
</kw>
<kw name="Fechar navegador" library="Resource" type="TEARDOWN">
<kw name="Close Browser" library="SeleniumLibrary">
<doc>Closes the current browser.</doc>
<status status="PASS" starttime="20210803 14:29:12.179" endtime="20210803 14:29:14.390"/>
</kw>
<status status="PASS" starttime="20210803 14:29:12.178" endtime="20210803 14:29:14.390"/>
</kw>
<status status="PASS" starttime="20210803 14:28:56.385" endtime="20210803 14:29:14.390"/>
</test>
<status status="PASS" starttime="20210803 14:28:32.441" endtime="20210803 14:29:14.393"/>
</suite>
<statistics>
<total>
<stat pass="2" fail="0" skip="0">All Tests</stat>
</total>
<tag>
</tag>
<suite>
<stat pass="2" fail="0" skip="0" id="s1" name="TestSitePracticeBDD">TestSitePracticeBDD</stat>
</suite>
</statistics>
<errors>
</errors>
</robot>
